
Compiling:  foo.c
arm-none-eabi-g++ -O2 -gdwarf-2 -mcpu=cortex-m3 -mthumb -mthumb-interwork -fshort-wchar -ffunction-sections -fdata-sections -fpromote-loop-indices -Wall -Wextra -Wimplicit -Wcast-align -Wpointer-arith -Wredundant-decls -Wshadow -Wcast-qual -Wcast-align -fno-exceptions -I./ -I/Users/dbanks/mbed_offline/external/mbed -I/Users/dbanks/mbed_offline/external/mbed/LPC1768 -I/Users/dbanks/mbed_offline/external/FATFileSystem -I/Users/dbanks/mbed_offline/NanoRK/nano-RK/src/platform/include -I/Users/dbanks/mbed_offline/NanoRK/nano-RK/src/platform/mbed/include -I/Users/dbanks/mbed_offline/NanoRK/nano-RK/src/radio/cc2420/include -I/Users/dbanks/mbed_offline/NanoRK/nano-RK/src/radio/cc2420/hal/LPC1768 -I/Users/dbanks/mbed_offline/NanoRK/nano-RK/src/radio/cc2420/platform/mbed -I/Users/dbanks/mbed_offline/NanoRK/nano-RK/src/drivers/include -I/Users/dbanks/mbed_offline/NanoRK/nano-RK/src/drivers/platform/mbed/include -I/Users/dbanks/mbed_offline/NanoRK/nano-RK/src/kernel/include -I/Users/dbanks/mbed_offline/NanoRK/nano-RK/src/kernel/hal/include -DTARGET_LPC1768 -DGCC4MBED_DELAYED_STDIO_INIT=1 -DNANORK -DNODE_ADDR=0 -MD -c foo.c -o foo.o

Compiling:  /Users/dbanks/mbed_offline/src/gcc4mbed.c
arm-none-eabi-g++ -O2 -gdwarf-2 -mcpu=cortex-m3 -mthumb -mthumb-interwork -fshort-wchar -ffunction-sections -fdata-sections -fpromote-loop-indices -Wall -Wextra -Wimplicit -Wcast-align -Wpointer-arith -Wredundant-decls -Wshadow -Wcast-qual -Wcast-align -fno-exceptions -I./ -I/Users/dbanks/mbed_offline/external/mbed -I/Users/dbanks/mbed_offline/external/mbed/LPC1768 -I/Users/dbanks/mbed_offline/external/FATFileSystem -I/Users/dbanks/mbed_offline/NanoRK/nano-RK/src/platform/include -I/Users/dbanks/mbed_offline/NanoRK/nano-RK/src/platform/mbed/include -I/Users/dbanks/mbed_offline/NanoRK/nano-RK/src/radio/cc2420/include -I/Users/dbanks/mbed_offline/NanoRK/nano-RK/src/radio/cc2420/hal/LPC1768 -I/Users/dbanks/mbed_offline/NanoRK/nano-RK/src/radio/cc2420/platform/mbed -I/Users/dbanks/mbed_offline/NanoRK/nano-RK/src/drivers/include -I/Users/dbanks/mbed_offline/NanoRK/nano-RK/src/drivers/platform/mbed/include -I/Users/dbanks/mbed_offline/NanoRK/nano-RK/src/kernel/include -I/Users/dbanks/mbed_offline/NanoRK/nano-RK/src/kernel/hal/include -DTARGET_LPC1768 -DGCC4MBED_DELAYED_STDIO_INIT=1 -DNANORK -DNODE_ADDR=0 -MD -c /Users/dbanks/mbed_offline/src/gcc4mbed.c -o /Users/dbanks/mbed_offline/src/gcc4mbed.o

Compiling:  /Users/dbanks/mbed_offline/src/syscalls.c
arm-none-eabi-g++ -O2 -gdwarf-2 -mcpu=cortex-m3 -mthumb -mthumb-interwork -fshort-wchar -ffunction-sections -fdata-sections -fpromote-loop-indices -Wall -Wextra -Wimplicit -Wcast-align -Wpointer-arith -Wredundant-decls -Wshadow -Wcast-qual -Wcast-align -fno-exceptions -I./ -I/Users/dbanks/mbed_offline/external/mbed -I/Users/dbanks/mbed_offline/external/mbed/LPC1768 -I/Users/dbanks/mbed_offline/external/FATFileSystem -I/Users/dbanks/mbed_offline/NanoRK/nano-RK/src/platform/include -I/Users/dbanks/mbed_offline/NanoRK/nano-RK/src/platform/mbed/include -I/Users/dbanks/mbed_offline/NanoRK/nano-RK/src/radio/cc2420/include -I/Users/dbanks/mbed_offline/NanoRK/nano-RK/src/radio/cc2420/hal/LPC1768 -I/Users/dbanks/mbed_offline/NanoRK/nano-RK/src/radio/cc2420/platform/mbed -I/Users/dbanks/mbed_offline/NanoRK/nano-RK/src/drivers/include -I/Users/dbanks/mbed_offline/NanoRK/nano-RK/src/drivers/platform/mbed/include -I/Users/dbanks/mbed_offline/NanoRK/nano-RK/src/kernel/include -I/Users/dbanks/mbed_offline/NanoRK/nano-RK/src/kernel/hal/include -DTARGET_LPC1768 -DGCC4MBED_DELAYED_STDIO_INIT=1 -DNANORK -DNODE_ADDR=0 -MD -c /Users/dbanks/mbed_offline/src/syscalls.c -o /Users/dbanks/mbed_offline/src/syscalls.o

Compiling:  /Users/dbanks/mbed_offline/NanoRK/nano-RK/src/radio/cc2420/source/hal_rf_set_channel.c
arm-none-eabi-g++ -O2 -gdwarf-2 -mcpu=cortex-m3 -mthumb -mthumb-interwork -fshort-wchar -ffunction-sections -fdata-sections -fpromote-loop-indices -Wall -Wextra -Wimplicit -Wcast-align -Wpointer-arith -Wredundant-decls -Wshadow -Wcast-qual -Wcast-align -fno-exceptions -I./ -I/Users/dbanks/mbed_offline/external/mbed -I/Users/dbanks/mbed_offline/external/mbed/LPC1768 -I/Users/dbanks/mbed_offline/external/FATFileSystem -I/Users/dbanks/mbed_offline/NanoRK/nano-RK/src/platform/include -I/Users/dbanks/mbed_offline/NanoRK/nano-RK/src/platform/mbed/include -I/Users/dbanks/mbed_offline/NanoRK/nano-RK/src/radio/cc2420/include -I/Users/dbanks/mbed_offline/NanoRK/nano-RK/src/radio/cc2420/hal/LPC1768 -I/Users/dbanks/mbed_offline/NanoRK/nano-RK/src/radio/cc2420/platform/mbed -I/Users/dbanks/mbed_offline/NanoRK/nano-RK/src/drivers/include -I/Users/dbanks/mbed_offline/NanoRK/nano-RK/src/drivers/platform/mbed/include -I/Users/dbanks/mbed_offline/NanoRK/nano-RK/src/kernel/include -I/Users/dbanks/mbed_offline/NanoRK/nano-RK/src/kernel/hal/include -DTARGET_LPC1768 -DGCC4MBED_DELAYED_STDIO_INIT=1 -DNANORK -DNODE_ADDR=0 -MD -c /Users/dbanks/mbed_offline/NanoRK/nano-RK/src/radio/cc2420/source/hal_rf_set_channel.c -o /Users/dbanks/mbed_offline/NanoRK/nano-RK/src/radio/cc2420/source/hal_rf_set_channel.o
/Users/dbanks/mbed_offline/NanoRK/nano-RK/src/radio/cc2420/source/hal_rf_set_channel.c:43:6: warning: unused parameter 'channel'

Compiling:  /Users/dbanks/mbed_offline/NanoRK/nano-RK/src/radio/cc2420/source/hal_rf_wait_for_crystal_oscillator.c
arm-none-eabi-g++ -O2 -gdwarf-2 -mcpu=cortex-m3 -mthumb -mthumb-interwork -fshort-wchar -ffunction-sections -fdata-sections -fpromote-loop-indices -Wall -Wextra -Wimplicit -Wcast-align -Wpointer-arith -Wredundant-decls -Wshadow -Wcast-qual -Wcast-align -fno-exceptions -I./ -I/Users/dbanks/mbed_offline/external/mbed -I/Users/dbanks/mbed_offline/external/mbed/LPC1768 -I/Users/dbanks/mbed_offline/external/FATFileSystem -I/Users/dbanks/mbed_offline/NanoRK/nano-RK/src/platform/include -I/Users/dbanks/mbed_offline/NanoRK/nano-RK/src/platform/mbed/include -I/Users/dbanks/mbed_offline/NanoRK/nano-RK/src/radio/cc2420/include -I/Users/dbanks/mbed_offline/NanoRK/nano-RK/src/radio/cc2420/hal/LPC1768 -I/Users/dbanks/mbed_offline/NanoRK/nano-RK/src/radio/cc2420/platform/mbed -I/Users/dbanks/mbed_offline/NanoRK/nano-RK/src/drivers/include -I/Users/dbanks/mbed_offline/NanoRK/nano-RK/src/drivers/platform/mbed/include -I/Users/dbanks/mbed_offline/NanoRK/nano-RK/src/kernel/include -I/Users/dbanks/mbed_offline/NanoRK/nano-RK/src/kernel/hal/include -DTARGET_LPC1768 -DGCC4MBED_DELAYED_STDIO_INIT=1 -DNANORK -DNODE_ADDR=0 -MD -c /Users/dbanks/mbed_offline/NanoRK/nano-RK/src/radio/cc2420/source/hal_rf_wait_for_crystal_oscillator.c -o /Users/dbanks/mbed_offline/NanoRK/nano-RK/src/radio/cc2420/source/hal_rf_wait_for_crystal_oscillator.o

Compiling:  /Users/dbanks/mbed_offline/NanoRK/nano-RK/src/radio/cc2420/source/basic_rf.c
arm-none-eabi-g++ -O2 -gdwarf-2 -mcpu=cortex-m3 -mthumb -mthumb-interwork -fshort-wchar -ffunction-sections -fdata-sections -fpromote-loop-indices -Wall -Wextra -Wimplicit -Wcast-align -Wpointer-arith -Wredundant-decls -Wshadow -Wcast-qual -Wcast-align -fno-exceptions -I./ -I/Users/dbanks/mbed_offline/external/mbed -I/Users/dbanks/mbed_offline/external/mbed/LPC1768 -I/Users/dbanks/mbed_offline/external/FATFileSystem -I/Users/dbanks/mbed_offline/NanoRK/nano-RK/src/platform/include -I/Users/dbanks/mbed_offline/NanoRK/nano-RK/src/platform/mbed/include -I/Users/dbanks/mbed_offline/NanoRK/nano-RK/src/radio/cc2420/include -I/Users/dbanks/mbed_offline/NanoRK/nano-RK/src/radio/cc2420/hal/LPC1768 -I/Users/dbanks/mbed_offline/NanoRK/nano-RK/src/radio/cc2420/platform/mbed -I/Users/dbanks/mbed_offline/NanoRK/nano-RK/src/drivers/include -I/Users/dbanks/mbed_offline/NanoRK/nano-RK/src/drivers/platform/mbed/include -I/Users/dbanks/mbed_offline/NanoRK/nano-RK/src/kernel/include -I/Users/dbanks/mbed_offline/NanoRK/nano-RK/src/kernel/hal/include -DTARGET_LPC1768 -DGCC4MBED_DELAYED_STDIO_INIT=1 -DNANORK -DNODE_ADDR=0 -MD -c /Users/dbanks/mbed_offline/NanoRK/nano-RK/src/radio/cc2420/source/basic_rf.c -o /Users/dbanks/mbed_offline/NanoRK/nano-RK/src/radio/cc2420/source/basic_rf.o
/Users/dbanks/mbed_offline/NanoRK/nano-RK/src/radio/cc2420/source/basic_rf.c:654:54: warning: "/*" within comment
/Users/dbanks/mbed_offline/NanoRK/nano-RK/src/radio/cc2420/source/basic_rf.c:100:6: warning: unused parameter 'counter'
/Users/dbanks/mbed_offline/NanoRK/nano-RK/src/radio/cc2420/source/basic_rf.c:115:6: warning: unused parameter 'key'
/Users/dbanks/mbed_offline/NanoRK/nano-RK/src/radio/cc2420/source/basic_rf.c:145:6: warning: unused parameter 'key'
/Users/dbanks/mbed_offline/NanoRK/nano-RK/src/radio/cc2420/source/basic_rf.c:175:6: warning: unused parameter 'pwr'
/Users/dbanks/mbed_offline/NanoRK/nano-RK/src/radio/cc2420/source/basic_rf.c:191:6: warning: unused parameter 'channel'
/Users/dbanks/mbed_offline/NanoRK/nano-RK/src/radio/cc2420/source/basic_rf.c:241:6: warning: unused parameter 'my_mac'
/Users/dbanks/mbed_offline/NanoRK/nano-RK/src/radio/cc2420/source/basic_rf.c:254:6: warning: unused parameter 'pRRI'
/Users/dbanks/mbed_offline/NanoRK/nano-RK/src/radio/cc2420/source/basic_rf.c:254:6: warning: unused parameter 'channel'
/Users/dbanks/mbed_offline/NanoRK/nano-RK/src/radio/cc2420/source/basic_rf.c:294:6: warning: unused parameter 'pRRI'
/Users/dbanks/mbed_offline/NanoRK/nano-RK/src/radio/cc2420/source/basic_rf.c:294:6: warning: unused parameter 'channel'
/Users/dbanks/mbed_offline/NanoRK/nano-RK/src/radio/cc2420/source/basic_rf.c:294:6: warning: unused parameter 'panId'
/Users/dbanks/mbed_offline/NanoRK/nano-RK/src/radio/cc2420/source/basic_rf.c:294:6: warning: unused parameter 'myAddr'
/Users/dbanks/mbed_offline/NanoRK/nano-RK/src/radio/cc2420/source/basic_rf.c: In function 'uint8_t rf_tx_tdma_packet(RF_TX_INFO*, uint16_t, uint16_t)':
/Users/dbanks/mbed_offline/NanoRK/nano-RK/src/radio/cc2420/source/basic_rf.c:496:14: warning: unused variable 'frameControlField'
/Users/dbanks/mbed_offline/NanoRK/nano-RK/src/radio/cc2420/source/basic_rf.c:497:13: warning: unused variable 'packetLength'
/Users/dbanks/mbed_offline/NanoRK/nano-RK/src/radio/cc2420/source/basic_rf.c: At global scope:
/Users/dbanks/mbed_offline/NanoRK/nano-RK/src/radio/cc2420/source/basic_rf.c:494:9: warning: unused parameter 'pRTI'
/Users/dbanks/mbed_offline/NanoRK/nano-RK/src/radio/cc2420/source/basic_rf.c:494:9: warning: unused parameter 'slot_start_time'
/Users/dbanks/mbed_offline/NanoRK/nano-RK/src/radio/cc2420/source/basic_rf.c:494:9: warning: unused parameter 'tx_guard_time'
/Users/dbanks/mbed_offline/NanoRK/nano-RK/src/radio/cc2420/source/basic_rf.c: In function 'uint8_t rf_tx_packet(RF_TX_INFO*)':
/Users/dbanks/mbed_offline/NanoRK/nano-RK/src/radio/cc2420/source/basic_rf.c:704:14: warning: unused variable 'frameControlField'
/Users/dbanks/mbed_offline/NanoRK/nano-RK/src/radio/cc2420/source/basic_rf.c:705:13: warning: unused variable 'packetLength'
/Users/dbanks/mbed_offline/NanoRK/nano-RK/src/radio/cc2420/source/basic_rf.c:705:27: warning: unused variable 'length'
/Users/dbanks/mbed_offline/NanoRK/nano-RK/src/radio/cc2420/source/basic_rf.c: At global scope:
/Users/dbanks/mbed_offline/NanoRK/nano-RK/src/radio/cc2420/source/basic_rf.c:701:9: warning: unused parameter 'pRTI'
/Users/dbanks/mbed_offline/NanoRK/nano-RK/src/radio/cc2420/source/basic_rf.c: In function 'uint8_t rf_busy()':
/Users/dbanks/mbed_offline/NanoRK/nano-RK/src/radio/cc2420/source/basic_rf.c:887:1: warning: no return statement in function returning non-void
/Users/dbanks/mbed_offline/NanoRK/nano-RK/src/radio/cc2420/source/basic_rf.c: In function 'uint8_t rf_rx_check_fifop()':
/Users/dbanks/mbed_offline/NanoRK/nano-RK/src/radio/cc2420/source/basic_rf.c:894:1: warning: no return statement in function returning non-void
/Users/dbanks/mbed_offline/NanoRK/nano-RK/src/radio/cc2420/source/basic_rf.c: In function 'uint8_t rf_rx_check_sfd()':
/Users/dbanks/mbed_offline/NanoRK/nano-RK/src/radio/cc2420/source/basic_rf.c:902:1: warning: no return statement in function returning non-void
/Users/dbanks/mbed_offline/NanoRK/nano-RK/src/radio/cc2420/source/basic_rf.c: At global scope:
/Users/dbanks/mbed_offline/NanoRK/nano-RK/src/radio/cc2420/source/basic_rf.c:1095:6: warning: unused parameter 't'
/Users/dbanks/mbed_offline/NanoRK/nano-RK/src/radio/cc2420/source/basic_rf.c:1198:6: warning: unused parameter 'length'
/Users/dbanks/mbed_offline/NanoRK/nano-RK/src/radio/cc2420/source/basic_rf.c:1211:6: warning: unused parameter 'mode'
/Users/dbanks/mbed_offline/NanoRK/nano-RK/src/radio/cc2420/source/basic_rf.c: In function 'uint8_t rf_tx_tdma_packet(RF_TX_INFO*, uint16_t, uint16_t)':
/Users/dbanks/mbed_offline/NanoRK/nano-RK/src/radio/cc2420/source/basic_rf.c:679:12: warning: 'success' is used uninitialized in this function
/Users/dbanks/mbed_offline/NanoRK/nano-RK/src/radio/cc2420/source/basic_rf.c: In function 'uint8_t rf_tx_packet(RF_TX_INFO*)':
/Users/dbanks/mbed_offline/NanoRK/nano-RK/src/radio/cc2420/source/basic_rf.c:878:12: warning: 'success' is used uninitialized in this function

Compiling:  /Users/dbanks/mbed_offline/NanoRK/nano-RK/src/platform/mbed/source/ulib.c
arm-none-eabi-g++ -O2 -gdwarf-2 -mcpu=cortex-m3 -mthumb -mthumb-interwork -fshort-wchar -ffunction-sections -fdata-sections -fpromote-loop-indices -Wall -Wextra -Wimplicit -Wcast-align -Wpointer-arith -Wredundant-decls -Wshadow -Wcast-qual -Wcast-align -fno-exceptions -I./ -I/Users/dbanks/mbed_offline/external/mbed -I/Users/dbanks/mbed_offline/external/mbed/LPC1768 -I/Users/dbanks/mbed_offline/external/FATFileSystem -I/Users/dbanks/mbed_offline/NanoRK/nano-RK/src/platform/include -I/Users/dbanks/mbed_offline/NanoRK/nano-RK/src/platform/mbed/include -I/Users/dbanks/mbed_offline/NanoRK/nano-RK/src/radio/cc2420/include -I/Users/dbanks/mbed_offline/NanoRK/nano-RK/src/radio/cc2420/hal/LPC1768 -I/Users/dbanks/mbed_offline/NanoRK/nano-RK/src/radio/cc2420/platform/mbed -I/Users/dbanks/mbed_offline/NanoRK/nano-RK/src/drivers/include -I/Users/dbanks/mbed_offline/NanoRK/nano-RK/src/drivers/platform/mbed/include -I/Users/dbanks/mbed_offline/NanoRK/nano-RK/src/kernel/include -I/Users/dbanks/mbed_offline/NanoRK/nano-RK/src/kernel/hal/include -DTARGET_LPC1768 -DGCC4MBED_DELAYED_STDIO_INIT=1 -DNANORK -DNODE_ADDR=0 -MD -c /Users/dbanks/mbed_offline/NanoRK/nano-RK/src/platform/mbed/source/ulib.c -o /Users/dbanks/mbed_offline/NanoRK/nano-RK/src/platform/mbed/source/ulib.o
/Users/dbanks/mbed_offline/NanoRK/nano-RK/src/platform/mbed/source/ulib.c:120:9: warning: unused parameter 'uart_num'
/Users/dbanks/mbed_offline/NanoRK/nano-RK/src/platform/mbed/source/ulib.c:145:6: warning: unused parameter 'addr'
/Users/dbanks/mbed_offline/NanoRK/nano-RK/src/platform/mbed/source/ulib.c:245:8: warning: unused parameter 'pin'
/Users/dbanks/mbed_offline/NanoRK/nano-RK/src/platform/mbed/source/ulib.c:268:8: warning: unused parameter 'pin'
/Users/dbanks/mbed_offline/NanoRK/nano-RK/src/platform/mbed/source/ulib.c:291:8: warning: unused parameter 'pin'
/Users/dbanks/mbed_offline/NanoRK/nano-RK/src/platform/mbed/source/ulib.c:314:8: warning: unused parameter 'pin'
/Users/dbanks/mbed_offline/NanoRK/nano-RK/src/platform/mbed/source/ulib.c:367:8: warning: unused parameter 'pin'
/Users/dbanks/mbed_offline/NanoRK/nano-RK/src/platform/mbed/source/ulib.c:367:8: warning: unused parameter 'pin_direction'
/Users/dbanks/mbed_offline/NanoRK/nano-RK/src/platform/mbed/source/ulib.c:420:8: warning: unused parameter 'b'
/Users/dbanks/mbed_offline/NanoRK/nano-RK/src/platform/mbed/source/ulib.c:430:8: warning: unused parameter 'led'
/Users/dbanks/mbed_offline/NanoRK/nano-RK/src/platform/mbed/source/ulib.c:441:8: warning: unused parameter 'led'
/Users/dbanks/mbed_offline/NanoRK/nano-RK/src/platform/mbed/source/ulib.c:452:8: warning: unused parameter 'led'
/Users/dbanks/mbed_offline/NanoRK/nano-RK/src/platform/mbed/source/ulib.c:463:8: warning: unused parameter 'enable'
/Users/dbanks/mbed_offline/NanoRK/nano-RK/src/platform/mbed/source/ulib.c:495:6: warning: unused parameter 'x'
/Users/dbanks/mbed_offline/NanoRK/nano-RK/src/platform/mbed/source/ulib.c:502:6: warning: unused parameter 'x'
/Users/dbanks/mbed_offline/NanoRK/nano-RK/src/platform/mbed/source/ulib.c:509:6: warning: unused parameter 'baudrate'
/Users/dbanks/mbed_offline/NanoRK/nano-RK/src/platform/mbed/source/ulib.c:518:6: warning: unused parameter 'baudrate'
/Users/dbanks/mbed_offline/NanoRK/nano-RK/src/platform/mbed/source/ulib.c:538:6: warning: unused parameter 'baudrate'
/Users/dbanks/mbed_offline/NanoRK/nano-RK/src/platform/mbed/source/ulib.c: In function 'char getc1()':
/Users/dbanks/mbed_offline/NanoRK/nano-RK/src/platform/mbed/source/ulib.c:140:12: warning: 'tmp' is used uninitialized in this function
/Users/dbanks/mbed_offline/NanoRK/nano-RK/src/platform/mbed/source/ulib.c: In function 'char getc0()':
/Users/dbanks/mbed_offline/NanoRK/nano-RK/src/platform/mbed/source/ulib.c:567:9: warning: 'tmp' is used uninitialized in this function

Compiling:  /Users/dbanks/mbed_offline/NanoRK/nano-RK/src/platform/mbed/source/hal_wait.c
arm-none-eabi-g++ -O2 -gdwarf-2 -mcpu=cortex-m3 -mthumb -mthumb-interwork -fshort-wchar -ffunction-sections -fdata-sections -fpromote-loop-indices -Wall -Wextra -Wimplicit -Wcast-align -Wpointer-arith -Wredundant-decls -Wshadow -Wcast-qual -Wcast-align -fno-exceptions -I./ -I/Users/dbanks/mbed_offline/external/mbed -I/Users/dbanks/mbed_offline/external/mbed/LPC1768 -I/Users/dbanks/mbed_offline/external/FATFileSystem -I/Users/dbanks/mbed_offline/NanoRK/nano-RK/src/platform/include -I/Users/dbanks/mbed_offline/NanoRK/nano-RK/src/platform/mbed/include -I/Users/dbanks/mbed_offline/NanoRK/nano-RK/src/radio/cc2420/include -I/Users/dbanks/mbed_offline/NanoRK/nano-RK/src/radio/cc2420/hal/LPC1768 -I/Users/dbanks/mbed_offline/NanoRK/nano-RK/src/radio/cc2420/platform/mbed -I/Users/dbanks/mbed_offline/NanoRK/nano-RK/src/drivers/include -I/Users/dbanks/mbed_offline/NanoRK/nano-RK/src/drivers/platform/mbed/include -I/Users/dbanks/mbed_offline/NanoRK/nano-RK/src/kernel/include -I/Users/dbanks/mbed_offline/NanoRK/nano-RK/src/kernel/hal/include -DTARGET_LPC1768 -DGCC4MBED_DELAYED_STDIO_INIT=1 -DNANORK -DNODE_ADDR=0 -MD -c /Users/dbanks/mbed_offline/NanoRK/nano-RK/src/platform/mbed/source/hal_wait.c -o /Users/dbanks/mbed_offline/NanoRK/nano-RK/src/platform/mbed/source/hal_wait.o

Compiling:  /Users/dbanks/mbed_offline/NanoRK/nano-RK/src/platform/mbed/source/nrk_eeprom.c
arm-none-eabi-g++ -O2 -gdwarf-2 -mcpu=cortex-m3 -mthumb -mthumb-interwork -fshort-wchar -ffunction-sections -fdata-sections -fpromote-loop-indices -Wall -Wextra -Wimplicit -Wcast-align -Wpointer-arith -Wredundant-decls -Wshadow -Wcast-qual -Wcast-align -fno-exceptions -I./ -I/Users/dbanks/mbed_offline/external/mbed -I/Users/dbanks/mbed_offline/external/mbed/LPC1768 -I/Users/dbanks/mbed_offline/external/FATFileSystem -I/Users/dbanks/mbed_offline/NanoRK/nano-RK/src/platform/include -I/Users/dbanks/mbed_offline/NanoRK/nano-RK/src/platform/mbed/include -I/Users/dbanks/mbed_offline/NanoRK/nano-RK/src/radio/cc2420/include -I/Users/dbanks/mbed_offline/NanoRK/nano-RK/src/radio/cc2420/hal/LPC1768 -I/Users/dbanks/mbed_offline/NanoRK/nano-RK/src/radio/cc2420/platform/mbed -I/Users/dbanks/mbed_offline/NanoRK/nano-RK/src/drivers/include -I/Users/dbanks/mbed_offline/NanoRK/nano-RK/src/drivers/platform/mbed/include -I/Users/dbanks/mbed_offline/NanoRK/nano-RK/src/kernel/include -I/Users/dbanks/mbed_offline/NanoRK/nano-RK/src/kernel/hal/include -DTARGET_LPC1768 -DGCC4MBED_DELAYED_STDIO_INIT=1 -DNANORK -DNODE_ADDR=0 -MD -c /Users/dbanks/mbed_offline/NanoRK/nano-RK/src/platform/mbed/source/nrk_eeprom.c -o /Users/dbanks/mbed_offline/NanoRK/nano-RK/src/platform/mbed/source/nrk_eeprom.o
/Users/dbanks/mbed_offline/NanoRK/nano-RK/src/platform/mbed/source/nrk_eeprom.c:5:9: warning: unused parameter 'addr'
/Users/dbanks/mbed_offline/NanoRK/nano-RK/src/platform/mbed/source/nrk_eeprom.c:14:8: warning: unused parameter 'addr'
/Users/dbanks/mbed_offline/NanoRK/nano-RK/src/platform/mbed/source/nrk_eeprom.c:14:8: warning: unused parameter 'value'
/Users/dbanks/mbed_offline/NanoRK/nano-RK/src/platform/mbed/source/nrk_eeprom.c:23:8: warning: unused parameter 'mac_addr'
/Users/dbanks/mbed_offline/NanoRK/nano-RK/src/platform/mbed/source/nrk_eeprom.c:45:8: warning: unused parameter 'channel'
/Users/dbanks/mbed_offline/NanoRK/nano-RK/src/platform/mbed/source/nrk_eeprom.c:53:8: warning: unused parameter 'load_pages'
/Users/dbanks/mbed_offline/NanoRK/nano-RK/src/platform/mbed/source/nrk_eeprom.c:61:8: warning: unused parameter 'load_pages'
/Users/dbanks/mbed_offline/NanoRK/nano-RK/src/platform/mbed/source/nrk_eeprom.c:69:8: warning: unused parameter 'aes_key'
/Users/dbanks/mbed_offline/NanoRK/nano-RK/src/platform/mbed/source/nrk_eeprom.c:79:8: warning: unused parameter 'aes_key'
/Users/dbanks/mbed_offline/NanoRK/nano-RK/src/platform/mbed/source/nrk_eeprom.c:89:8: warning: unused parameter 'image_checksum'
/Users/dbanks/mbed_offline/NanoRK/nano-RK/src/platform/mbed/source/nrk_eeprom.c:97:8: warning: unused parameter 'image_checksum'
/Users/dbanks/mbed_offline/NanoRK/nano-RK/src/platform/mbed/source/nrk_eeprom.c: In function 'uint8_t nrk_eeprom_read_byte(uint16_t)':
/Users/dbanks/mbed_offline/NanoRK/nano-RK/src/platform/mbed/source/nrk_eeprom.c:11:12: warning: 'v' is used uninitialized in this function

Compiling:  /Users/dbanks/mbed_offline/NanoRK/nano-RK/src/kernel/source/nrk.c
arm-none-eabi-g++ -O2 -gdwarf-2 -mcpu=cortex-m3 -mthumb -mthumb-interwork -fshort-wchar -ffunction-sections -fdata-sections -fpromote-loop-indices -Wall -Wextra -Wimplicit -Wcast-align -Wpointer-arith -Wredundant-decls -Wshadow -Wcast-qual -Wcast-align -fno-exceptions -I./ -I/Users/dbanks/mbed_offline/external/mbed -I/Users/dbanks/mbed_offline/external/mbed/LPC1768 -I/Users/dbanks/mbed_offline/external/FATFileSystem -I/Users/dbanks/mbed_offline/NanoRK/nano-RK/src/platform/include -I/Users/dbanks/mbed_offline/NanoRK/nano-RK/src/platform/mbed/include -I/Users/dbanks/mbed_offline/NanoRK/nano-RK/src/radio/cc2420/include -I/Users/dbanks/mbed_offline/NanoRK/nano-RK/src/radio/cc2420/hal/LPC1768 -I/Users/dbanks/mbed_offline/NanoRK/nano-RK/src/radio/cc2420/platform/mbed -I/Users/dbanks/mbed_offline/NanoRK/nano-RK/src/drivers/include -I/Users/dbanks/mbed_offline/NanoRK/nano-RK/src/drivers/platform/mbed/include -I/Users/dbanks/mbed_offline/NanoRK/nano-RK/src/kernel/include -I/Users/dbanks/mbed_offline/NanoRK/nano-RK/src/kernel/hal/include -DTARGET_LPC1768 -DGCC4MBED_DELAYED_STDIO_INIT=1 -DNANORK -DNODE_ADDR=0 -MD -c /Users/dbanks/mbed_offline/NanoRK/nano-RK/src/kernel/source/nrk.c -o /Users/dbanks/mbed_offline/NanoRK/nano-RK/src/kernel/source/nrk.o
/Users/dbanks/mbed_offline/NanoRK/nano-RK/src/kernel/source/nrk.c:309:8: warning: unused parameter 'stk_size'
/Users/dbanks/mbed_offline/NanoRK/nano-RK/src/kernel/source/nrk.c:309:8: warning: unused parameter 'pext'
/Users/dbanks/mbed_offline/NanoRK/nano-RK/src/kernel/source/nrk.c:309:8: warning: unused parameter 'opt'

Compiling:  /Users/dbanks/mbed_offline/NanoRK/nano-RK/src/kernel/source/nrk_stats.c
arm-none-eabi-g++ -O2 -gdwarf-2 -mcpu=cortex-m3 -mthumb -mthumb-interwork -fshort-wchar -ffunction-sections -fdata-sections -fpromote-loop-indices -Wall -Wextra -Wimplicit -Wcast-align -Wpointer-arith -Wredundant-decls -Wshadow -Wcast-qual -Wcast-align -fno-exceptions -I./ -I/Users/dbanks/mbed_offline/external/mbed -I/Users/dbanks/mbed_offline/external/mbed/LPC1768 -I/Users/dbanks/mbed_offline/external/FATFileSystem -I/Users/dbanks/mbed_offline/NanoRK/nano-RK/src/platform/include -I/Users/dbanks/mbed_offline/NanoRK/nano-RK/src/platform/mbed/include -I/Users/dbanks/mbed_offline/NanoRK/nano-RK/src/radio/cc2420/include -I/Users/dbanks/mbed_offline/NanoRK/nano-RK/src/radio/cc2420/hal/LPC1768 -I/Users/dbanks/mbed_offline/NanoRK/nano-RK/src/radio/cc2420/platform/mbed -I/Users/dbanks/mbed_offline/NanoRK/nano-RK/src/drivers/include -I/Users/dbanks/mbed_offline/NanoRK/nano-RK/src/drivers/platform/mbed/include -I/Users/dbanks/mbed_offline/NanoRK/nano-RK/src/kernel/include -I/Users/dbanks/mbed_offline/NanoRK/nano-RK/src/kernel/hal/include -DTARGET_LPC1768 -DGCC4MBED_DELAYED_STDIO_INIT=1 -DNANORK -DNODE_ADDR=0 -MD -c /Users/dbanks/mbed_offline/NanoRK/nano-RK/src/kernel/source/nrk_stats.c -o /Users/dbanks/mbed_offline/NanoRK/nano-RK/src/kernel/source/nrk_stats.o

Compiling:  /Users/dbanks/mbed_offline/NanoRK/nano-RK/src/kernel/source/nrk_error.c
arm-none-eabi-g++ -O2 -gdwarf-2 -mcpu=cortex-m3 -mthumb -mthumb-interwork -fshort-wchar -ffunction-sections -fdata-sections -fpromote-loop-indices -Wall -Wextra -Wimplicit -Wcast-align -Wpointer-arith -Wredundant-decls -Wshadow -Wcast-qual -Wcast-align -fno-exceptions -I./ -I/Users/dbanks/mbed_offline/external/mbed -I/Users/dbanks/mbed_offline/external/mbed/LPC1768 -I/Users/dbanks/mbed_offline/external/FATFileSystem -I/Users/dbanks/mbed_offline/NanoRK/nano-RK/src/platform/include -I/Users/dbanks/mbed_offline/NanoRK/nano-RK/src/platform/mbed/include -I/Users/dbanks/mbed_offline/NanoRK/nano-RK/src/radio/cc2420/include -I/Users/dbanks/mbed_offline/NanoRK/nano-RK/src/radio/cc2420/hal/LPC1768 -I/Users/dbanks/mbed_offline/NanoRK/nano-RK/src/radio/cc2420/platform/mbed -I/Users/dbanks/mbed_offline/NanoRK/nano-RK/src/drivers/include -I/Users/dbanks/mbed_offline/NanoRK/nano-RK/src/drivers/platform/mbed/include -I/Users/dbanks/mbed_offline/NanoRK/nano-RK/src/kernel/include -I/Users/dbanks/mbed_offline/NanoRK/nano-RK/src/kernel/hal/include -DTARGET_LPC1768 -DGCC4MBED_DELAYED_STDIO_INIT=1 -DNANORK -DNODE_ADDR=0 -MD -c /Users/dbanks/mbed_offline/NanoRK/nano-RK/src/kernel/source/nrk_error.c -o /Users/dbanks/mbed_offline/NanoRK/nano-RK/src/kernel/source/nrk_error.o
/Users/dbanks/mbed_offline/NanoRK/nano-RK/src/kernel/source/nrk_error.c: In function 'void _nrk_log_error(uint8_t, uint8_t)':
/Users/dbanks/mbed_offline/NanoRK/nano-RK/src/kernel/source/nrk_error.c:55:58: warning: declaration of 'error_task' shadows a global declaration
/Users/dbanks/mbed_offline/NanoRK/nano-RK/src/kernel/include/nrk_error.h:63:16: warning: shadowed declaration is here
/Users/dbanks/mbed_offline/NanoRK/nano-RK/src/kernel/source/nrk_error.c:55:58: warning: declaration of 'error_num' shadows a global declaration
/Users/dbanks/mbed_offline/NanoRK/nano-RK/src/kernel/include/nrk_error.h:64:16: warning: shadowed declaration is here
/Users/dbanks/mbed_offline/NanoRK/nano-RK/src/kernel/source/nrk_error.c: In function 'int8_t nrk_error_print()':
/Users/dbanks/mbed_offline/NanoRK/nano-RK/src/kernel/source/nrk_error.c:161:16: warning: unused variable 'i'

Compiling:  /Users/dbanks/mbed_offline/NanoRK/nano-RK/src/kernel/source/nrk_stack_check.c
arm-none-eabi-g++ -O2 -gdwarf-2 -mcpu=cortex-m3 -mthumb -mthumb-interwork -fshort-wchar -ffunction-sections -fdata-sections -fpromote-loop-indices -Wall -Wextra -Wimplicit -Wcast-align -Wpointer-arith -Wredundant-decls -Wshadow -Wcast-qual -Wcast-align -fno-exceptions -I./ -I/Users/dbanks/mbed_offline/external/mbed -I/Users/dbanks/mbed_offline/external/mbed/LPC1768 -I/Users/dbanks/mbed_offline/external/FATFileSystem -I/Users/dbanks/mbed_offline/NanoRK/nano-RK/src/platform/include -I/Users/dbanks/mbed_offline/NanoRK/nano-RK/src/platform/mbed/include -I/Users/dbanks/mbed_offline/NanoRK/nano-RK/src/radio/cc2420/include -I/Users/dbanks/mbed_offline/NanoRK/nano-RK/src/radio/cc2420/hal/LPC1768 -I/Users/dbanks/mbed_offline/NanoRK/nano-RK/src/radio/cc2420/platform/mbed -I/Users/dbanks/mbed_offline/NanoRK/nano-RK/src/drivers/include -I/Users/dbanks/mbed_offline/NanoRK/nano-RK/src/drivers/platform/mbed/include -I/Users/dbanks/mbed_offline/NanoRK/nano-RK/src/kernel/include -I/Users/dbanks/mbed_offline/NanoRK/nano-RK/src/kernel/hal/include -DTARGET_LPC1768 -DGCC4MBED_DELAYED_STDIO_INIT=1 -DNANORK -DNODE_ADDR=0 -MD -c /Users/dbanks/mbed_offline/NanoRK/nano-RK/src/kernel/source/nrk_stack_check.c -o /Users/dbanks/mbed_offline/NanoRK/nano-RK/src/kernel/source/nrk_stack_check.o
/Users/dbanks/mbed_offline/NanoRK/nano-RK/src/kernel/source/nrk_stack_check.c: In function 'void dump_stack_info()':
/Users/dbanks/mbed_offline/NanoRK/nano-RK/src/kernel/source/nrk_stack_check.c:43:44: warning: format '%x' expects type 'unsigned int', but argument 2 has type 'uint32_t'
/Users/dbanks/mbed_offline/NanoRK/nano-RK/src/kernel/source/nrk_stack_check.c:43:44: warning: format '%x' expects type 'unsigned int', but argument 2 has type 'uint32_t'
/Users/dbanks/mbed_offline/NanoRK/nano-RK/src/kernel/source/nrk_stack_check.c:47:40: warning: format '%x' expects type 'unsigned int', but argument 2 has type 'uint32_t'
/Users/dbanks/mbed_offline/NanoRK/nano-RK/src/kernel/source/nrk_stack_check.c:47:40: warning: format '%x' expects type 'unsigned int', but argument 2 has type 'uint32_t'
/Users/dbanks/mbed_offline/NanoRK/nano-RK/src/kernel/source/nrk_stack_check.c:48:59: warning: format '%x' expects type 'unsigned int', but argument 2 has type 'uint32_t'
/Users/dbanks/mbed_offline/NanoRK/nano-RK/src/kernel/source/nrk_stack_check.c:48:59: warning: format '%x' expects type 'unsigned int', but argument 2 has type 'uint32_t'
/Users/dbanks/mbed_offline/NanoRK/nano-RK/src/kernel/source/nrk_stack_check.c:54:53: warning: format '%x' expects type 'unsigned int', but argument 3 has type 'uint32_t'
/Users/dbanks/mbed_offline/NanoRK/nano-RK/src/kernel/source/nrk_stack_check.c:54:53: warning: format '%x' expects type 'unsigned int', but argument 3 has type 'uint32_t'
/Users/dbanks/mbed_offline/NanoRK/nano-RK/src/kernel/source/nrk_stack_check.c:58:44: warning: format '%x' expects type 'unsigned int', but argument 2 has type 'uint32_t'
/Users/dbanks/mbed_offline/NanoRK/nano-RK/src/kernel/source/nrk_stack_check.c:58:44: warning: format '%x' expects type 'unsigned int', but argument 2 has type 'uint32_t'
/Users/dbanks/mbed_offline/NanoRK/nano-RK/src/kernel/source/nrk_stack_check.c:59:63: warning: format '%x' expects type 'unsigned int', but argument 2 has type 'uint32_t'
/Users/dbanks/mbed_offline/NanoRK/nano-RK/src/kernel/source/nrk_stack_check.c:59:63: warning: format '%x' expects type 'unsigned int', but argument 2 has type 'uint32_t'

Compiling:  /Users/dbanks/mbed_offline/NanoRK/nano-RK/src/kernel/source/nrk_events.c
arm-none-eabi-g++ -O2 -gdwarf-2 -mcpu=cortex-m3 -mthumb -mthumb-interwork -fshort-wchar -ffunction-sections -fdata-sections -fpromote-loop-indices -Wall -Wextra -Wimplicit -Wcast-align -Wpointer-arith -Wredundant-decls -Wshadow -Wcast-qual -Wcast-align -fno-exceptions -I./ -I/Users/dbanks/mbed_offline/external/mbed -I/Users/dbanks/mbed_offline/external/mbed/LPC1768 -I/Users/dbanks/mbed_offline/external/FATFileSystem -I/Users/dbanks/mbed_offline/NanoRK/nano-RK/src/platform/include -I/Users/dbanks/mbed_offline/NanoRK/nano-RK/src/platform/mbed/include -I/Users/dbanks/mbed_offline/NanoRK/nano-RK/src/radio/cc2420/include -I/Users/dbanks/mbed_offline/NanoRK/nano-RK/src/radio/cc2420/hal/LPC1768 -I/Users/dbanks/mbed_offline/NanoRK/nano-RK/src/radio/cc2420/platform/mbed -I/Users/dbanks/mbed_offline/NanoRK/nano-RK/src/drivers/include -I/Users/dbanks/mbed_offline/NanoRK/nano-RK/src/drivers/platform/mbed/include -I/Users/dbanks/mbed_offline/NanoRK/nano-RK/src/kernel/include -I/Users/dbanks/mbed_offline/NanoRK/nano-RK/src/kernel/hal/include -DTARGET_LPC1768 -DGCC4MBED_DELAYED_STDIO_INIT=1 -DNANORK -DNODE_ADDR=0 -MD -c /Users/dbanks/mbed_offline/NanoRK/nano-RK/src/kernel/source/nrk_events.c -o /Users/dbanks/mbed_offline/NanoRK/nano-RK/src/kernel/source/nrk_events.o
/Users/dbanks/mbed_offline/NanoRK/nano-RK/src/kernel/source/nrk_events.c: In function 'int8_t nrk_sem_query(nrk_sem_t*)':
/Users/dbanks/mbed_offline/NanoRK/nano-RK/src/kernel/source/nrk_events.c:212:9: error: 'nrk_sem_list' was not declared in this scope
/Users/dbanks/mbed_offline/NanoRK/nano-RK/src/kernel/source/nrk_events.c: In function 'int8_t nrk_sem_pend(nrk_sem_t*)':
/Users/dbanks/mbed_offline/NanoRK/nano-RK/src/kernel/source/nrk_events.c:225:5: error: 'nrk_sem_list' was not declared in this scope
/Users/dbanks/mbed_offline/NanoRK/nano-RK/src/kernel/source/nrk_events.c:234:2: error: 'nrk_sem_list' was not declared in this scope
/Users/dbanks/mbed_offline/NanoRK/nano-RK/src/kernel/source/nrk_events.c: In function 'int8_t nrk_sem_post(nrk_sem_t*)':
/Users/dbanks/mbed_offline/NanoRK/nano-RK/src/kernel/source/nrk_events.c:251:5: error: 'nrk_sem_list' was not declared in this scope
/Users/dbanks/mbed_offline/NanoRK/nano-RK/src/kernel/source/nrk_events.c:261:53: warning: comparison between signed and unsigned integer expressions
/Users/dbanks/mbed_offline/NanoRK/nano-RK/src/kernel/source/nrk_events.c: In function 'int8_t nrk_sem_delete(nrk_sem_t*)':
/Users/dbanks/mbed_offline/NanoRK/nano-RK/src/kernel/source/nrk_events.c:283:2: error: 'nrk_sem_list' was not declared in this scope
/Users/dbanks/mbed_offline/NanoRK/nano-RK/src/kernel/source/nrk_events.c:279:9: warning: unused variable 'task_ID'
/Users/dbanks/mbed_offline/NanoRK/nano-RK/src/kernel/source/nrk_events.c: In function 'nrk_sem_t* nrk_sem_create(uint8_t, uint8_t)':
/Users/dbanks/mbed_offline/NanoRK/nano-RK/src/kernel/source/nrk_events.c:293:47: warning: comparison is always true due to limited range of data type
/Users/dbanks/mbed_offline/NanoRK/nano-RK/src/kernel/source/nrk_events.c:297:9: error: 'nrk_sem_list' was not declared in this scope
/Users/dbanks/mbed_offline/NanoRK/nano-RK/src/kernel/source/nrk_events.c:300:2: error: 'nrk_sem_list' was not declared in this scope
/Users/dbanks/mbed_offline/NanoRK/nano-RK/src/kernel/source/nrk_events.c: In function 'int8_t nrk_get_resource_index(nrk_sem_t*)':
/Users/dbanks/mbed_offline/NanoRK/nano-RK/src/kernel/source/nrk_events.c:311:22: error: 'nrk_sem_list' was not declared in this scope
/Users/dbanks/mbed_offline/NanoRK/nano-RK/src/kernel/source/nrk_events.c: In function 'int8_t nrk_sem_query(nrk_sem_t*)':
/Users/dbanks/mbed_offline/NanoRK/nano-RK/src/kernel/source/nrk_events.c:213:1: warning: control reaches end of non-void function
make: *** [/Users/dbanks/mbed_offline/NanoRK/nano-RK/src/kernel/source/nrk_events.o] Error 1
